make all --print-data-base --no-builtin-variables --no-builtin-rules --question
# GNU Make 3.81
# Copyright (C) 2006  Free Software Foundation, Inc.
# This is free software; see the source for copying conditions.
# There is NO warranty; not even for MERCHANTABILITY or FITNESS FOR A
# PARTICULAR PURPOSE.

# This program built for i386-apple-darwin11.3.0
 

# Make data base, printed on Fri May 27 08:01:04 2022

# Variables

# automatic
<D = $(patsubst %/,%,$(dir $<))
# automatic
?F = $(notdir $?)
# makefile (from `Makefile', line 33)
.SHELLFLAGS = -ec
# environment
VSCODE_LOG_NATIVE = false
# automatic
?D = $(patsubst %/,%,$(dir $?))
# automatic
@D = $(patsubst %/,%,$(dir $@))
# automatic
@F = $(notdir $@)
# makefile
CURDIR := /Users/henderiw/Documents/codeprojects/yndd/topology
# makefile (from `Makefile', line 32)
SHELL = /usr/bin/env bash -o pipefail
# environment
VSCODE_NLS_CONFIG = {"locale":"en-gb","availableLanguages":{},"_languagePackSupport":true}
# environment
_ = /usr/bin/make
# makefile (from `Makefile', line 1)
MAKEFILE_LIST :=  Makefile
# environment
GO111MODULE = on
 
# environment
VSCODE_AMD_ENTRYPOINT = vs/workbench/api/node/extensionHostProcess
# makefile (from `Makefile', line 7)
VERSION = latest
# environment
VSCODE_VERBOSE_LOGGING = true
# environment
__CFBundleIdentifier = com.microsoft.VSCode
# makefile (from `Makefile', line 67)
ENVTEST_ASSETS_DIR = $(shell pwd)/testbin
# environment
VSCODE_IPC_HOOK_EXTHOST = /var/folders/v0/k5mn_sgn28b5zjgdrt7z783h0000gn/T/vscode-ipc-f03d9de8-9bb5-456f-9147-e5e2f1b6b05e.sock
# environment
VSCODE_CWD = /
# environment
GOPROXY = https://proxy.golang.org,direct
# environment
PATH = /usr/local/bin:/usr/bin:/bin:/usr/sbin:/sbin:/usr/local/bin:/usr/bin:/bin:/usr/sbin:/sbin/go/bin
# environment
GOPATH = /Users/henderiw/go
# environment
VSCODE_LOG_STACK = false
# environment
ELECTRON_RUN_AS_NODE = 1
# default
.FEATURES := target-specific order-only second-expansion else-if archives jobserver check-symlink
# makefile (from `Makefile', line 95)
CONTROLLER_GEN = $(shell pwd)/bin/controller-gen
# environment
SSH_AUTH_SOCK = /private/tmp/com.apple.launchd.gZTSM82Vz0/Listeners
# automatic
%F = $(notdir $%)
# makefile (from `Makefile', line 26)
GOBIN = $(shell go env GOBIN)
# environment
VSCODE_PIPE_LOGGING = true
# environment
PWD = /Users/henderiw/Documents/codeprojects/yndd/topology
# makefile (from `Makefile', line 17)
PKG = $(IMAGE_TAG_BASE)
# makefile (from `Makefile', line 99)
NDD_GEN = $(shell pwd)/bin/ndd-gen
# environment
ORIGINAL_XDG_CURRENT_DESKTOP = undefined
# environment
GOMODCACHE = /Users/henderiw/go/pkg/mod
# environment
HOME = /Users/henderiw
# default
MAKEFILEPATH = $(shell /usr/bin/xcode-select -print-path 2>/dev/null || echo /Developer)/Makefiles
# environment
VSCODE_CODE_CACHE_PATH = /Users/henderiw/Library/Application Support/Code/CachedData/da15b6fd3ef856477bf6f4fb29ba1b7af717770d
# environment
LOGNAME = henderiw
# environment
APPLICATION_INSIGHTS_NO_DIAGNOSTIC_CHANNEL = 1
# environment
VSCODE_HANDLES_UNCAUGHT_ERRORS = true
# automatic
^D = $(patsubst %/,%,$(dir $^))
# environment
XPC_FLAGS = 0x0
# makefile (from `Makefile', line 20)
CRD_OPTIONS = "crd:trivialVersions=true,preserveUnknownFields=false"
# default
MAKE = $(MAKE_COMMAND)
# default
MAKECMDGOALS := all
# environment
SHLVL = 1
# default
MAKE_VERSION := 3.81
# environment
USER = henderiw
# makefile
.DEFAULT_GOAL := all
# automatic
%D = $(patsubst %/,%,$(dir $%))
# default
MAKE_COMMAND := /Library/Developer/CommandLineTools/usr/bin/make
# default
.VARIABLES := 
# environment
TMPDIR = /var/folders/v0/k5mn_sgn28b5zjgdrt7z783h0000gn/T/
# automatic
*F = $(notdir $*)
# makefile (from `Makefile', line 14)
IMG = $(IMAGE_TAG_BASE)-controller:$(VERSION)
# environment
VSCODE_IPC_HOOK = /Users/henderiw/Library/Application Support/Code/1.67.1-main.sock
# makefile
MAKEFLAGS = Rrqp
# environment
MFLAGS = -Rrqp
# automatic
*D = $(patsubst %/,%,$(dir $*))
# environment
XPC_SERVICE_NAME = application.com.microsoft.VSCode.450742.450748
# automatic
+D = $(patsubst %/,%,$(dir $+))
# automatic
+F = $(notdir $+)
# makefile (from `Makefile', line 76)
@CGO_ENABLED = 0 GOOS=linux GOARCH=amd64 go build -a -o ./bin/manager cmd/main.go
# environment
__CF_USER_TEXT_ENCODING = 0x1F5:0x0:0x2
# environment
COMMAND_MODE = unix2003
# default
MAKEFILES := 
# automatic
<F = $(notdir $<)
# environment
LC_ALL = C
# automatic
^F = $(notdir $^)
# default
SUFFIXES := 
# default
.INCLUDE_DIRS = /usr/local/include
# makefile (from `Makefile', line 11)
IMAGE_TAG_BASE = yndd/nddr-topo-registry
# environment
MAKELEVEL := 0
# environment
LANG = C
# environment
VSCODE_PID = 2244
# variable set hash-table stats:
# Load=77/1024=8%, Rehash=0, Collisions=2/134=1%

# Pattern-specific Variable Values

# No pattern-specific variable values.

# Directories

# . (device 16777226, inode 4616690): 18 files, no impossibilities.

# 18 files, no impossibilities in 1 directories.

# Implicit Rules

# No implicit rules.

# Files

package-build:
#  Implicit rule search has not been done.
#  Modification time never checked.
#  File has not been updated.
#  commands to execute (from `Makefile', line 88):
	rm -rf package/nddr*
	cd package;kubectl ndd package build -t intent;cd ..
	

all: build
#  Command-line target.
#  Implicit rule search has been done.
#  File does not exist.
#  File has been updated.
#  Needs to be updated (-q is set).
# variable set hash-table stats:
# Load=0/32=0%, Rehash=0, Collisions=0/24=0%

docker-build: test
#  Implicit rule search has not been done.
#  Modification time never checked.
#  File has not been updated.
#  commands to execute (from `Makefile', line 82):
	docker build -t ${IMG} .
	

ndd-gen:
#  Implicit rule search has not been done.
#  Implicit/static pattern stem: `'
#  Last modified 1970-01-01 00:59:56
#  File has been updated.
#  Successfully updated.
# automatic
# @ := ndd-gen
# automatic
# % := 
# automatic
# * := 
# automatic
# + := 
# automatic
# | := 
# automatic
# < := 
# automatic
# ^ := 
# automatic
# ? := 
# variable set hash-table stats:
# Load=8/32=25%, Rehash=0, Collisions=1/14=7%
#  commands to execute (from `Makefile', line 101):
	$(call go-get-tool,$(NDD_GEN),github.com/yndd/ndd-tools/cmd/ndd-gen@v0.1.13)
	

# Not a target:
.SUFFIXES:
#  Implicit rule search has not been done.
#  Modification time never checked.
#  File has not been updated.

# Not a target:
Makefile:
#  Implicit rule search has been done.
#  Last modified 2022-05-27 08:00:38
#  File has been updated.
#  Successfully updated.
# variable set hash-table stats:
# Load=0/32=0%, Rehash=0, Collisions=0/0=0%

test: generate fmt vet
#  Implicit rule search has not been done.
#  Modification time never checked.
#  File has not been updated.
#  commands to execute (from `Makefile', line 69):
	mkdir -p ${ENVTEST_ASSETS_DIR}
	test -f ${ENVTEST_ASSETS_DIR}/setup-envtest.sh || curl -sSLo ${ENVTEST_ASSETS_DIR}/setup-envtest.sh https://raw.githubusercontent.com/kubernetes-sigs/controller-runtime/v0.9.3/hack/setup-envtest.sh
	source ${ENVTEST_ASSETS_DIR}/setup-envtest.sh; fetch_envtest_tools $(ENVTEST_ASSETS_DIR); setup_envtest_env $(ENVTEST_ASSETS_DIR); go test ./... -coverprofile cover.out
	

build: generate fmt vet
#  Implicit rule search has been done.
#  File does not exist.
#  File has been updated.
#  Needs to be updated (-q is set).
# variable set hash-table stats:
# Load=0/32=0%, Rehash=0, Collisions=0/24=0%

vet:
#  Implicit rule search has not been done.
#  Modification time never checked.
#  File has not been updated.
#  commands to execute (from `Makefile', line 65):
 
	go vet ./...
	

help:
#  Implicit rule search has not been done.
#  Modification time never checked.
#  File has not been updated.
#  commands to execute (from `Makefile', line 51):
	@awk 'BEGIN {FS = ":.*##"; printf "\nUsage:\n  make \033[36m<target>\033[0m\n"} /^[a-zA-Z_0-9-]+:.*?##/ { printf "  \033[36m%-15s\033[0m %s\n", $$1, $$2 } /^##@/ { printf "\n\033[1m%s\033[0m\n", substr($$0, 5) } ' $(MAKEFILE_LIST)
	

generate: controller-gen ndd-gen
#  Implicit rule search has not been done.
#  Implicit/static pattern stem: `'
#  File does not exist.
#  File has been updated.
#  Needs to be updated (-q is set).
# automatic
# @ := generate
# automatic
# % := 
# automatic
# * := 
# automatic
# + := controller-gen ndd-gen
# automatic
# | := 
# automatic
# < := controller-gen
# automatic
# ^ := controller-gen ndd-gen
# automatic
# ? := controller-gen ndd-gen
# variable set hash-table stats:
# Load=8/32=25%, Rehash=0, Collisions=3/32=9%
#  commands to execute (from `Makefile', line 56):
	rm -rf package/crds/
	$(CONTROLLER_GEN) $(CRD_OPTIONS) webhook paths="./..." output:crd:artifacts:config=package/crds
	$(CONTROLLER_GEN) object:headerFile="hack/boilerplate.go.txt" paths="./..."
	cd apis;$(NDD_GEN) generate-methodsets --header-file=../"hack/boilerplate.go.txt" --paths="./..."; cd ..
	

# Not a target:
.DEFAULT:
#  Implicit rule search has not been done.
#  Modification time never checked.
#  File has not been updated.

run: generate fmt vet
#  Implicit rule search has not been done.
#  Modification time never checked.
#  File has not been updated.
#  commands to execute (from `Makefile', line 79):
	go run ./cmd/main.go
	

fmt:
#  Implicit rule search has not been done.
#  Modification time never checked.
#  File has not been updated.
#  commands to execute (from `Makefile', line 62):
	go fmt ./...
	

package-push:
#  Implicit rule search has not been done.
#  Modification time never checked.
#  File has not been updated.
#  commands to execute (from `Makefile', line 92):
	cd package;kubectl ndd package push ${PKG};cd ..
	

controller-gen:
#  Implicit rule search has not been done.
#  Implicit/static pattern stem: `'
#  Last modified 1970-01-01 00:59:56
#  File has been updated.
#  Successfully updated.
# automatic
# @ := controller-gen
# automatic
# % := 
# automatic
# * := 
# automatic
# + := 
# automatic
# | := 
# automatic
# < := 
# automatic
# ^ := 
# automatic
# ? := 
# variable set hash-table stats:
# Load=8/32=25%, Rehash=0, Collisions=1/14=7%
#  commands to execute (from `Makefile', line 97):
	$(call go-get-tool,$(CONTROLLER_GEN),sigs.k8s.io/controller-tools/cmd/controller-gen@v0.4.1)
	

docker-push:
#  Implicit rule search has not been done.
#  Modification time never checked.
#  File has not been updated.
#  commands to execute (from `Makefile', line 85):
	docker push ${IMG}
	

# files hash-table stats:
# Load=17/1024=2%, Rehash=0, Collisions=0/46=0%
# VPATH Search Paths

# No `vpath' search paths.

# No general (`VPATH' variable) search path.

# # of strings in strcache: 1
# # of strcache buffers: 1
# strcache size: total = 4096 / max = 4096 / min = 4096 / avg = 4096
# strcache free: total = 4087 / max = 4087 / min = 4087 / avg = 4087

# Finished Make data base on Fri May 27 08:01:04 2022

 
